Call:
multinom(formula = Health ~ ., data = insurance)

Coefficients:
  (Intercept) RegionE12000002 RegionE12000003 RegionE12000004 RegionE12000005 RegionE12000006
2   -1.667666    7.156201e-02    -0.031239288      0.02186601     0.005093195     0.002378927
3   -7.281393   -1.061330e-01    -0.001380045     -0.07007977    -0.075305781    -0.131996078
4   -6.905203    5.642647e-05    -0.093291795     -0.12196779    -0.055570954    -0.273474857
5   -7.553528    3.319603e-01     0.274896756      0.19851907     0.347084670     0.092332148
  RegionE12000007 RegionE12000008 RegionE12000009 RegionW92000004 ResidenceTypeH FamilyComposition1
2      0.03314588     -0.01333631     -0.04542356     -0.10781912       1.530061         -1.3594267
3     -0.16715886     -0.21956173     -0.18744201     -0.13004010       4.136608         -0.2577342
4     -0.14624201     -0.31739428     -0.30235771     -0.03696791       3.382149         -0.3750638
5      0.42718055      0.07689456      0.08234134      0.30019185       4.112067         -0.9137245
  FamilyComposition2 FamilyComposition3 FamilyComposition4 FamilyComposition5 FamilyComposition6
2         -1.8728583         -1.4799184         -1.4451199         -1.2730186         -1.6183519
3         -0.5789876         -0.5708293         -0.3826722         -0.2133116         -0.4109395
4         -0.9094152         -0.7282826         -0.6626156         -0.3882346         -0.9333388
5         -1.1111895         -0.9880833         -1.5523450         -0.7539449         -1.0631879
  PopulationBase3        Sex2      Age2      Age3     Age4     Age5     Age6     Age7     Age8
2       -1.660956  0.01490468 0.5576982 0.9123587 1.190742 1.584907 1.973228 2.343140 2.628481
3       -5.095955 -0.10291702 2.6729270 3.4166413 4.092387 4.773935 5.331359 5.619642 6.639232
4       -5.199827 -0.11958180 1.6641964 2.3748608 3.113948 3.759580 4.334961 4.681083 5.659082
5       -3.952533  0.05835411 1.9222040 2.3426489 2.815176 3.335656 3.649116 3.842698 4.966099
  MaritalStatus2 MaritalStatus3 MaritalStatus4 MaritalStatus5    Student2 CountryOfBirth2 EthnicGroup2
2     0.17494214     0.04105951   -0.028093264    -0.07319843  0.01987439      -0.1997046   0.08955165
3    -0.03072026     0.03903145    0.009225587     0.07419953  0.14997106      -0.2841302   0.18944497
4    -0.05041644     0.24601689    0.197929859     0.11277734  0.30768108      -0.1869458   0.05044204
5     0.17114338     0.57181414    0.374833152     0.49477476 -0.08144929       0.1214447   0.04622823
  EthnicGroup3 EthnicGroup4 EthnicGroup5   Religion2  Religion3  Religion4  Religion5 Religion6   Religion7
2  0.228789443  -0.07467426   0.09184087 -0.01487953 0.08945546 0.04178283 -0.3448211 0.1845267  0.06932689
3  0.270284233  -0.05370516   0.05881162 -0.13982759 0.06074670 0.05958445 -0.2660713 0.3194949  0.23410435
4 -0.006411112  -0.18664468  -0.13073596  0.08084693 0.25237402 0.23310712 -0.4546094 0.4974652  0.37221523
5  0.156157092   0.02719617  -0.02176796 -0.10275133 0.11398269 0.11860552  0.2834967 0.1897365 -0.14203798
  Religion8 Religion9 EconomicActivity1 EconomicActivity2 EconomicActivity3 EconomicActivity4
2 0.5028962 0.0574337         1.2913042         1.3155988          1.242255         0.9344617
3 0.9918727 0.1719073         3.0285030         2.9691134          3.630794         2.6706779
4 1.2443604 0.1912358         1.6366473         1.6960666          2.468787         1.3840914
5 1.4800540 0.3467688         0.6497732         0.2583625          2.576315         1.4633728
  EconomicActivity5 EconomicActivity6 EconomicActivity7 EconomicActivity8 EconomicActivity9 Occupation1
2          1.291754         0.3874242          1.162909          2.300093          1.264757  -0.1512348
3          3.818367         2.4549621          3.565452          6.503818          3.904438  -0.5175222
4          3.359688         2.2123906          2.457421          6.966224          3.406398  -0.4478276
5          3.287259         2.1310728          2.035179          7.223703          3.248561  -0.6402878
  Occupation2 Occupation3 Occupation4 Occupation5 Occupation6 Occupation7 Occupation8 Occupation9
2  -0.3291565  -0.3195944  -0.1196289  -0.1174386  -0.1653581 -0.03963613 -0.16410896 -0.01223835
3  -0.6435683  -0.6306439  -0.3969447  -0.2305473  -0.2450242 -0.17666369 -0.08670686 -0.03680346
4  -0.7353641  -0.6535364  -0.5764445  -0.2547059  -0.4015313 -0.26895361 -0.09482718 -0.03710719
5  -0.8568672  -0.7212710  -0.7381419  -0.3164008  -0.4825851 -0.45983358 -0.30110151 -0.25588448
   Industry1   Industry2   Industry3   Industry4   Industry5   Industry6  Industry7   Industry8  Industry9
2 -0.2091424 -0.08614322 -0.02601818 -0.07938998 -0.04864493 -0.08267009 -0.2062684 -0.08227767 -0.1316993
3 -0.4795580 -0.18110931 -0.17910271 -0.16447292 -0.13881668 -0.22302739 -0.3568783 -0.29589024 -0.2208042
4 -0.9314219 -0.15154625 -0.12533590 -0.21442927 -0.13598334 -0.20777775 -0.2713839 -0.32595007 -0.2603270
5  0.2225303 -0.32827714 -0.34158226 -0.43035004 -0.36778799 -0.46287132 -0.4402836 -0.57105179 -0.4865403
   Industry10 Industry11 Industry12 HoursWorked1 HoursWorked2 HoursWorked3 HoursWorked4 SocialGrade1
2 -0.08221429 -0.1989381 -0.1849882  -0.43730982 -0.376470739   -0.4679385   -0.5758808   -0.7220028
3 -0.36692033 -0.1320962 -0.2257484  -0.05551711 -0.036596232   -0.2186897   -0.2888335   -4.7828487
4 -0.40258068 -0.2095554 -0.2340062   0.22736114  0.006668692   -0.1658202   -0.2322192   -3.8320193
5 -0.66215536 -0.5164700 -0.3875339   1.39627038  1.721037880    1.6357572    1.6110393   -3.8842730
  SocialGrade2 SocialGrade3 SocialGrade4
2   -0.5572641    -0.410040   -0.2249595
3   -4.4497266    -4.306707   -4.0686452
4   -3.5256207    -3.290547   -3.0244401
5   -3.7984781    -3.598911   -3.6092273

Residual Deviance: 1106613 
AIC: 1107253 
