Loss Matrix:
     [,1] [,2] [,3] [,4] [,5]
[1,]    0    1    2    3    4
[2,]    2    0    2    4    6
[3,]   12    6    0    6   12
[4,]   72   48   24    0   24
[5,]  480  360  240  120    0

Feature Importance:
 EconomicActivity               Age            Region          Industry        Occupation     MaritalStatus 
       55346.8554        43496.4592        32251.3140        31487.8231        27341.2550        25558.9437 
FamilyComposition          Religion       SocialGrade       HoursWorked               Sex       EthnicGroup 
       16247.7837        14436.1364        13362.4592         9099.1672         8347.3883         7022.2918 
   CountryOfBirth           Student     ResidenceType    PopulationBase 
        4586.8644         1580.3397         1114.5387          182.4028 

Confusion Matrix:
    predict
real      1      2      3      4      5
   1 114168 101927  26347  14772   7757
   2  23487  99262  34075  22445  12475
   3   1520  11857  32189  17027  11887
   4    182    332   2460  16531   5053
   5     37     65     26    592   6464

Prediction Error:
[1] 0.5228347

