n= 450399 

node), split, n, loss, yval, (yprob)
      * denotes terminal node

     1) root 450399 2578918 3 (0.47 0.34 0.13 0.044 0.013)  
       2) EconomicActivity=-9,1,2,3,4,6,7 349836  940256 3 (0.57 0.34 0.074 0.012 0.0024)  
         4) Age=1,2,3,4 252040  622944 3 (0.65 0.3 0.045 0.0069 0.0017)  
           8) Age=1,2 136107  317606 2 (0.74 0.22 0.029 0.005 0.0016)  
            16) Industry=1,3,4,5,6,7,8,9,10,11,12 33990   51355 2 (0.66 0.3 0.037 0.004 0.00062)  
              32) MaritalStatus=1,2,4 33882   49094 2 (0.66 0.3 0.037 0.004 0.00053)  
                64) EthnicGroup=1,2,3,5 32918   45173 2 (0.66 0.3 0.036 0.004 0.00043)  
                 128) SocialGrade=1,2,3 22906   27114 2 (0.68 0.28 0.031 0.0033 0.00022) *
                 129) SocialGrade=-9,4 10012   18059 2 (0.6 0.35 0.049 0.0055 0.0009)  
                   258) Sex=1 4808    5904 2 (0.64 0.32 0.042 0.004 0.00021)  
                     516) Industry=1,3,4,5,6,7,8,9,10,12 4651    4995 2 (0.64 0.32 0.041 0.0039 0) *
                     517) Industry=11 157     558 3 (0.59 0.34 0.051 0.0064 0.0064) *
                   259) Sex=2 5204   12155 2 (0.56 0.37 0.056 0.0069 0.0015)  
                     518) Region=E12000003,E12000006,E12000007,W92000004 1958    2239 2 (0.56 0.38 0.056 0.0051 0) *
                     519) Region=E12000001,E12000002,E12000004,E12000005,E12000008,E12000009 3246    8610 3 (0.57 0.37 0.055 0.008 0.0025)  
                      1038) Religion=1,3,4,5,6,7,8 1510    2693 2 (0.54 0.38 0.064 0.0079 0.00066) *
                      1039) Religion=2,9 1736    5280 3 (0.58 0.36 0.048 0.0081 0.004)  
                        2078) FamilyComposition=-9,2,3,4,5,6 1623    4586 3 (0.59 0.35 0.042 0.008 0.0031)  
                          4156) Industry=1,3,5,6,7,9,10,11,12 846    1087 2 (0.59 0.35 0.05 0.0083 0) *
                          4157) Industry=4,8 777    2824 3 (0.6 0.36 0.033 0.0077 0.0064) *
                        2079) FamilyComposition=1 113     694 3 (0.44 0.4 0.13 0.0088 0.018) *
                65) EthnicGroup=4 964    2884 3 (0.62 0.33 0.044 0.0041 0.0041)  
                 130) FamilyComposition=-9,2,5,6 662     738 2 (0.63 0.32 0.045 0.0045 0) *
                 131) FamilyComposition=1,3,4 302    1554 3 (0.61 0.34 0.04 0.0033 0.013) *
              33) MaritalStatus=3,5 108     892 4 (0.44 0.45 0.083 0 0.028)  
                66) Industry=4,5,7,8,9,11,12 87      77 2 (0.47 0.46 0.069 0 0) *
                67) Industry=3,6,10 21     288 5 (0.29 0.43 0.14 0 0.14) *
            17) Industry=-9,2 102117  258920 3 (0.77 0.2 0.026 0.0053 0.002)  
              34) FamilyComposition=-9,2 58311  134708 2 (0.8 0.17 0.021 0.0042 0.0016)  
                68) Religion=1,2,4,5,7,8,9 51688  112480 2 (0.81 0.16 0.019 0.0037 0.0015)  
                 136) EconomicActivity=-9,1,2,4 45103   92647 2 (0.83 0.15 0.016 0.0032 0.0014)  
                   272) Region=E12000001,E12000003,E12000004,E12000005,E12000006,E12000007,E12000008,E12000009 37691   71957 2 (0.83 0.15 0.016 0.0031 0.0012)  
                     544) Religion=2,5,7,8 23532   41506 2 (0.83 0.15 0.015 0.0028 0.00098) *
                     545) Religion=1,4,9 14159   30451 2 (0.81 0.16 0.018 0.0034 0.0015)  
                      1090) Region=E12000004,E12000005,E12000007,E12000008 8221   13936 2 (0.8 0.17 0.017 0.0036 0.00085)  
                        2180) CountryOfBirth=1 7627   11890 2 (0.81 0.17 0.017 0.0037 0.00066)  
                          4360) Student=2 2084    1734 1 (0.81 0.17 0.018 0.0019 0) *
                          4361) Student=1 5543    9790 2 (0.81 0.17 0.017 0.0043 0.0009) *
                        2181) CountryOfBirth=2 594    1686 3 (0.75 0.23 0.019 0.0034 0.0034)  
                          4362) Region=E12000007,E12000008 480     502 2 (0.76 0.22 0.015 0.0042 0) *
                          4363) Region=E12000004,E12000005 114     696 3 (0.7 0.25 0.035 0 0.018) *
                      1091) Region=E12000001,E12000003,E12000006,E12000009 5938   15386 3 (0.83 0.15 0.018 0.003 0.0024)  
                        2182) Student=2 1508    2465 2 (0.82 0.15 0.019 0.0046 0.00066)  
                          4364) EthnicGroup=1,3,4,5 1447    1644 2 (0.82 0.16 0.019 0.0041 0) *
                          4365) EthnicGroup=2 61     382 3 (0.87 0.098 0 0.016 0.016) *
                        2183) Student=1 4430   12034 3 (0.83 0.15 0.018 0.0025 0.0029) *
                   273) Region=E12000002,W92000004 7412   19298 3 (0.84 0.14 0.017 0.0042 0.0023)  
                     546) Sex=1 3848    8239 2 (0.83 0.14 0.021 0.0052 0.0013)  
                      1092) Religion=2,4,5,7,8,9 2879    4871 2 (0.84 0.14 0.02 0.0049 0.00069) *
                      1093) Religion=1 969    2742 3 (0.82 0.15 0.022 0.0062 0.0031) *
                     547) Sex=2 3564   10132 3 (0.84 0.14 0.013 0.0031 0.0034)  
                      1094) Religion=1,4,5,7,8 884    1590 2 (0.81 0.16 0.019 0.0011 0.0011) *
                      1095) Religion=2,9 2680    8138 3 (0.85 0.13 0.011 0.0037 0.0041) *
                 137) EconomicActivity=3,6,7 6585   17496 3 (0.72 0.24 0.036 0.0068 0.0024)  
                   274) SocialGrade=-9,2 6149   15850 3 (0.73 0.23 0.034 0.0065 0.0021)  
                     548) Region=E12000001,E12000004,W92000004 1187    1637 2 (0.7 0.24 0.052 0.0076 0) *
                     549) Region=E12000002,E12000003,E12000005,E12000006,E12000007,E12000008,E12000009 4962   13402 3 (0.73 0.23 0.03 0.0062 0.0026)  
                      1098) EthnicGroup=2,4,5 434     438 2 (0.73 0.24 0.028 0.0023 0) *
                      1099) EthnicGroup=1,3 4528   12536 3 (0.73 0.23 0.03 0.0066 0.0029)  
                        2198) Region=E12000002,E12000003,E12000005,E12000008,E12000009 3227    8528 3 (0.74 0.22 0.029 0.0084 0.0022)  
                          4396) FamilyComposition=-9 725     790 2 (0.63 0.32 0.043 0.0041 0) *
                          4397) FamilyComposition=2 2502    7074 3 (0.77 0.2 0.025 0.0096 0.0028) *
                        2199) Region=E12000006,E12000007 1301    4008 3 (0.72 0.24 0.034 0.0023 0.0046) *
                   275) SocialGrade=1,3,4 436    1646 3 (0.63 0.3 0.057 0.011 0.0069) *
                69) Religion=3,6 6623   18458 3 (0.69 0.26 0.036 0.008 0.0029)  
                 138) Region=E12000001,E12000004,E12000008,E12000009,W92000004 1199    1569 2 (0.7 0.25 0.034 0.0083 0) *
                 139) Region=E12000002,E12000003,E12000005,E12000006,E12000007 5424   15922 3 (0.69 0.26 0.036 0.0079 0.0035)  
                   278) Sex=2 2658    6690 3 (0.69 0.27 0.036 0.0064 0.0019)  
                     556) Region=E12000002,E12000005 984    1310 2 (0.68 0.26 0.043 0.0081 0) *
                     557) Region=E12000003,E12000006,E12000007 1674    4630 3 (0.69 0.27 0.032 0.0054 0.003) *
                   279) Sex=1 2766    9232 3 (0.69 0.26 0.037 0.0094 0.0051) *
              35) FamilyComposition=1,3,4,5,6 43806  116500 3 (0.73 0.23 0.034 0.0068 0.0024)  
                70) Region=E12000001,E12000002,E12000003,E12000004,E12000006,E12000008,E12000009 29394   74360 3 (0.74 0.22 0.032 0.0067 0.0019)  
                 140) SocialGrade=-9,1,3 24416   61258 3 (0.76 0.21 0.028 0.0061 0.0018)  
                   280) Region=E12000001,E12000003,E12000004,E12000009 11374   24065 2 (0.76 0.21 0.026 0.0066 0.0012)  
                     560) FamilyComposition=3,5,6 10493   20102 2 (0.76 0.21 0.026 0.0066 0.00095) *
                     561) FamilyComposition=1,4 881    2790 3 (0.71 0.25 0.032 0.0068 0.0045)  
                      1122) Religion=1,5,6,7 387     439 2 (0.72 0.23 0.049 0.0026 0) *
                      1123) Religion=2,3,4,8,9 494    2032 3 (0.71 0.26 0.018 0.01 0.0081) *
                   281) Region=E12000002,E12000006,E12000008 13042   34122 3 (0.76 0.2 0.029 0.0058 0.0023)  
                     562) FamilyComposition=4,5,6 7763   19112 2 (0.75 0.21 0.036 0.0062 0.0017)  
                      1124) Religion=2,3,4,5,7,8,9 4478    8880 2 (0.75 0.21 0.034 0.008 0.00089)  
                        2248) Student=1 3680    6136 2 (0.75 0.2 0.035 0.0065 0.00054) *
                        2249) Student=2 798    2288 3 (0.73 0.22 0.03 0.015 0.0025)  
                          4498) Region=E12000002,E12000006 536     783 2 (0.73 0.22 0.032 0.011 0) *
                          4499) Region=E12000008 262    1118 3 (0.73 0.21 0.027 0.023 0.0076) *
                      1125) Religion=1,6 3285    8726 3 (0.74 0.22 0.038 0.0037 0.0027)  
                        2250) Region=E12000008 1295    2229 2 (0.74 0.22 0.034 0.0046 0.00077) *
                        2251) Region=E12000002,E12000006 1990    5854 3 (0.74 0.21 0.041 0.003 0.004) *
                     563) FamilyComposition=1,3 5279   15000 3 (0.78 0.19 0.019 0.0051 0.0032)  
                      1126) CountryOfBirth=1 5133   14002 3 (0.78 0.19 0.019 0.0053 0.0027)  
                        2252) Student=2 1872    2924 2 (0.79 0.18 0.022 0.0053 0.00053)  
                          4504) EthnicGroup=1,2,3,5 1850    2182 2 (0.79 0.18 0.022 0.0054 0) *
                          4505) EthnicGroup=4 22     238 4 (0.73 0.18 0.045 0 0.045) *
                        2253) Student=1 3261    9882 3 (0.78 0.2 0.017 0.0052 0.004) *
                      1127) CountryOfBirth=2 146     998 3 (0.7 0.25 0.027 0 0.021) *
                 141) SocialGrade=2,4 4978   13102 3 (0.63 0.31 0.053 0.0096 0.0022)  
                   282) CountryOfBirth=2 787     838 2 (0.68 0.29 0.023 0.0051 0) *
                   283) CountryOfBirth=1 4191   11476 3 (0.62 0.31 0.059 0.01 0.0026)  
                     566) Occupation=-9,1,2,3,4,5,9 3996   10622 3 (0.62 0.31 0.057 0.011 0.0023)  
                      1132) EconomicActivity=1,2,3,4,7 1325    1759 2 (0.53 0.39 0.072 0.0075 0) *
                      1133) EconomicActivity=6 2671    7944 3 (0.67 0.27 0.05 0.012 0.0034)  
                        2266) FamilyComposition=1,4,6 741     986 2 (0.67 0.28 0.046 0.0081 0) *
                        2267) FamilyComposition=3,5 1930    6398 3 (0.67 0.26 0.051 0.014 0.0047) *
                     567) Occupation=7,8 195     854 3 (0.55 0.34 0.087 0.0051 0.01) *
                71) Region=E12000005,E12000007,W92000004 14412   42140 3 (0.72 0.23 0.037 0.0071 0.0035) *
           9) Age=3,4 115933  290568 3 (0.54 0.38 0.065 0.0091 0.0018)  
            18) FamilyComposition=2,3,6 82038  179841 2 (0.56 0.38 0.056 0.0071 0.0013)  
              36) Occupation=1,2,3,4,6 52249   99127 2 (0.6 0.35 0.044 0.0054 0.0011)  
                72) Religion=1,2,4,5,7 46752   81195 2 (0.61 0.34 0.042 0.005 0.00088)  
                 144) SocialGrade=1 18678   25118 2 (0.66 0.3 0.033 0.0029 0.00048)  
                   288) Industry=1,3,5,7,9,10,11,12 10078   10552 2 (0.66 0.31 0.034 0.0039 0) *
                   289) Industry=2,4,6,8 8600   14566 2 (0.67 0.3 0.031 0.0019 0.001)  
                     578) HoursWorked=1,3 5710    7638 2 (0.67 0.3 0.03 0.0023 0.00053)  
                      1156) Region=E12000002,E12000003,E12000005,E12000006,E12000007,E12000008,W92000004 4670    4367 2 (0.67 0.3 0.027 0.0021 0) *
                      1157) Region=E12000001,E12000004,E12000009 1040    2762 3 (0.65 0.3 0.047 0.0029 0.0029)  
                        2314) Industry=2,4,8 776     737 2 (0.66 0.3 0.049 0 0) *
                        2315) Industry=6 264    1286 3 (0.62 0.31 0.042 0.011 0.011) *
                     579) HoursWorked=-9,2,4 2890    6928 2 (0.67 0.3 0.031 0.001 0.0021)  
                      1158) Region=E12000001,E12000003,E12000004,E12000005,E12000007,W92000004 1472    2152 2 (0.67 0.29 0.034 0.002 0.00068)  
                        2316) EthnicGroup=1,2,4,5 1332    1330 2 (0.69 0.28 0.034 0.0023 0) *
                        2317) EthnicGroup=3 140     508 3 (0.51 0.44 0.036 0 0.0071) *
                      1159) Region=E12000002,E12000006,E12000008,E12000009 1418    3946 3 (0.66 0.31 0.028 0 0.0035)  
                        2318) MaritalStatus=2,3,4,5 1120    2362 2 (0.66 0.31 0.027 0 0.0018)  
                          4636) EconomicActivity=1,7 864     708 2 (0.67 0.3 0.024 0 0) *
                          4637) EconomicActivity=2,3 256     970 3 (0.62 0.33 0.035 0 0.0078) *
                        2319) MaritalStatus=1 298    1290 3 (0.65 0.31 0.034 0 0.01) *
                 145) SocialGrade=2,3,4 28074   56077 2 (0.57 0.37 0.049 0.0064 0.0011)  
                   290) MaritalStatus=1,2,3 26948   50314 2 (0.58 0.37 0.048 0.0064 0.00096)  
                     580) Region=E12000002,E12000003,E12000004,E12000005,E12000007,E12000008,W92000004 19986   31444 2 (0.58 0.36 0.048 0.0064 0.00055)  
                      1160) Age=3 9410   12867 2 (0.62 0.33 0.038 0.006 0.00032)  
                        2320) Occupation=1,3,4,6 8464   10436 2 (0.62 0.34 0.04 0.006 0.00012) *
                        2321) Occupation=2 946    2431 2 (0.67 0.3 0.021 0.0053 0.0021)  
                          4642) Region=E12000002,E12000003,E12000004,E12000007,W92000004 633     622 2 (0.66 0.32 0.016 0.0047 0) *
                          4643) Region=E12000005,E12000008 313    1126 3 (0.68 0.27 0.032 0.0064 0.0064) *
                      1161) Age=4 10576   18577 2 (0.55 0.39 0.057 0.0068 0.00076)  
                        2322) Industry=1,2,3,4,5,8,9,10,11,12 9264   14239 2 (0.54 0.39 0.059 0.0069 0.00043)  
                          4644) EconomicActivity=1,2,3,6,7 9136   13424 2 (0.54 0.39 0.059 0.007 0.00033)  
                            9288) Region=E12000004,E12000005,E12000007,E12000008,W92000004 6375    7822 2 (0.55 0.39 0.061 0.0066 0) *
                            9289) Region=E12000002,E12000003 2761    5602 2 (0.53 0.41 0.056 0.008 0.0011)  
                             18578) Industry=1,3,5,8,9,10,12 1418    1623 2 (0.53 0.41 0.051 0.0063 0) *
                             18579) Industry=2,4,11 1343    3522 3 (0.52 0.4 0.061 0.0097 0.0022)  
                               37158) Occupation=1,2,6 783    1136 2 (0.51 0.41 0.075 0.01 0) *
                               37159) Occupation=3,4 560    1898 3 (0.54 0.4 0.041 0.0089 0.0054) *
                          4645) EconomicActivity=4 128     486 3 (0.55 0.41 0.031 0 0.0078) *
                        2323) Industry=6,7 1312    3646 3 (0.58 0.37 0.04 0.0061 0.003)  
                          4646) Religion=2,4,5,7 927    1008 2 (0.58 0.38 0.042 0.0054 0) *
                          4647) Religion=1 385    1760 3 (0.58 0.37 0.036 0.0078 0.01) *
                     581) Region=E12000001,E12000006,E12000009 6962   17838 3 (0.57 0.37 0.046 0.0065 0.0022)  
                      1162) Religion=2,5,7 4353    9325 2 (0.59 0.36 0.044 0.0062 0.0014)  
                        2324) Industry=1,2,3,5,6,8,11 2316    3463 2 (0.58 0.36 0.045 0.0069 0.00043)  
                          4648) EconomicActivity=1,2,3,4,6 2203    2562 2 (0.59 0.36 0.045 0.0064 0) *
                          4649) EconomicActivity=7 113     498 3 (0.49 0.44 0.044 0.018 0.0088) *
                        2325) Industry=4,7,9,10,12 2037    5328 3 (0.59 0.36 0.044 0.0054 0.0025)  
                          4650) Occupation=2,3,6 1162    1872 2 (0.6 0.35 0.037 0.0034 0.00086) *
                          4651) Occupation=1,4 875    2764 3 (0.57 0.37 0.053 0.008 0.0046) *
                      1163) Religion=1,4 2609    7496 3 (0.54 0.4 0.05 0.0069 0.0034)  
                        2326) Industry=1,3,5,6,7,10,12 955    1134 2 (0.57 0.37 0.053 0.0063 0) *
                        2327) Industry=2,4,8,9,11 1654    5556 3 (0.53 0.41 0.048 0.0073 0.0054)  
                          4654) Region=E12000006 788    2072 3 (0.54 0.41 0.043 0.0051 0.0025)  
                            9308) HoursWorked=-9,1,3,4 661     741 2 (0.52 0.42 0.051 0.0061 0) *
                            9309) HoursWorked=2 127     730 3 (0.61 0.38 0 0 0.016)  
                             18618) Sex=2 110      68 2 (0.62 0.38 0 0 0) *
                             18619) Sex=1 17     288 5 (0.53 0.35 0 0 0.12) *
                          4655) Region=E12000001,E12000009 866    3484 3 (0.53 0.4 0.052 0.0092 0.0081) *
                   291) MaritalStatus=4,5 1126    3682 3 (0.48 0.43 0.077 0.0071 0.0053)  
                     582) Region=E12000001,E12000002,E12000004,E12000005,E12000006,E12000009 665     891 2 (0.49 0.43 0.069 0.009 0) *
                     583) Region=E12000003,E12000007,E12000008,W92000004 461    2312 3 (0.46 0.44 0.089 0.0043 0.013) *
                73) Religion=3,6,8,9 5497   14870 3 (0.55 0.38 0.06 0.008 0.0027)  
                 146) EconomicActivity=1,3,6,7 4662   11482 3 (0.55 0.38 0.06 0.0079 0.0017)  
                   292) Industry=1,2,3,4,5,8,9,11,12 3112    5507 2 (0.56 0.37 0.061 0.008 0.00064)  
                     584) Region=E12000001,E12000002,E12000003,E12000004,E12000005,E12000006,E12000007,E12000008,W92000004 2908    4395 2 (0.55 0.38 0.061 0.0072 0.00034) *
                     585) Region=E12000009 204     708 3 (0.6 0.31 0.064 0.02 0.0049) *
                   293) Industry=6,7,10 1550    4610 3 (0.55 0.38 0.059 0.0077 0.0039)  
                     586) Region=E12000001,E12000002,E12000003,E12000005,E12000009,W92000004 575     794 2 (0.5 0.41 0.077 0.0087 0) *
                     587) Region=E12000004,E12000006,E12000007,E12000008 975    3438 3 (0.58 0.36 0.048 0.0072 0.0062) *
                 147) EconomicActivity=2,4 835    3388 3 (0.54 0.38 0.061 0.0084 0.0084) *
              37) Occupation=-9,5,7,8,9 29789   74174 3 (0.48 0.43 0.077 0.01 0.0018)  
                74) HoursWorked=2,3,4 21728   49083 2 (0.51 0.42 0.062 0.0073 0.0014)  
                 148) SocialGrade=3,4 20312   41509 2 (0.51 0.42 0.063 0.0072 0.0011)  
                   296) Religion=1,2,4,5,8 17463   31762 2 (0.51 0.42 0.059 0.007 0.00086)  
                     592) Industry=1,5,6,7,8,9,10,11 6125    8010 2 (0.5 0.43 0.063 0.0065 0.00016) *
                     593) Industry=2,3,4,12 11338   23752 2 (0.52 0.42 0.057 0.0072 0.0012)  
                      1186) Region=E12000001,E12000002,E12000003,E12000004,E12000005 5571    8200 2 (0.52 0.42 0.053 0.0077 0.00036) *
                      1187) Region=E12000006,E12000007,E12000008,E12000009,W92000004 5767   14562 3 (0.52 0.41 0.059 0.0068 0.0021)  
                        2374) FamilyComposition=2,6 3771    8084 2 (0.51 0.42 0.058 0.0069 0.0013)  
                          4748) MaritalStatus=1,2,4,5 3734    7273 2 (0.51 0.43 0.058 0.0067 0.0011)  
                            9496) Industry=3,4 2627    3768 2 (0.51 0.43 0.057 0.0065 0.00038) *
                            9497) Industry=2,12 1107    2972 3 (0.51 0.42 0.06 0.0072 0.0027)  
                             18994) Occupation=5,9 655     832 2 (0.53 0.4 0.063 0.0076 0) *
                             18995) Occupation=7,8 452    1634 3 (0.48 0.45 0.055 0.0066 0.0066) *
                          4749) MaritalStatus=3 37     306 4 (0.51 0.32 0.11 0.027 0.027) *
                        2375) FamilyComposition=3 1996    5696 3 (0.53 0.4 0.062 0.0065 0.0035) *
                   297) Religion=3,6,7,9 2849    7664 3 (0.46 0.44 0.086 0.0088 0.0028)  
                     594) Occupation=7,8,9 2027    4420 2 (0.45 0.44 0.094 0.0094 0.00099)  
                      1188) Industry=1,2,4,5,6,7,8,9,10,12 1888    2788 2 (0.46 0.44 0.094 0.0095 0) *
                      1189) Industry=3,11 139     748 3 (0.43 0.45 0.1 0.0072 0.014) *
                     595) Occupation=5 822    3098 3 (0.49 0.43 0.064 0.0073 0.0073) *
                 149) SocialGrade=2 1416    4808 3 (0.55 0.38 0.06 0.0078 0.0056)  
                   298) Region=E12000001,E12000004,E12000006,E12000008,E12000009 614     702 2 (0.54 0.4 0.062 0.0049 0) *
                   299) Region=E12000002,E12000003,E12000005,E12000007,W92000004 802    3590 3 (0.56 0.37 0.059 0.01 0.01) *
                75) HoursWorked=-9,1 8061   22578 3 (0.42 0.44 0.12 0.017 0.0027) *
            19) FamilyComposition=-9,1,4,5 33895   97028 3 (0.49 0.4 0.085 0.014 0.003)  
              38) Religion=1,2,4,6 30334   82154 3 (0.5 0.4 0.084 0.013 0.0024)  
                76) HoursWorked=1,2,3,4 24292   62844 3 (0.52 0.4 0.069 0.011 0.0021)  
                 152) Age=3 12864   28725 2 (0.58 0.36 0.047 0.0075 0.0014)  
                   304) Industry=1,2,6,7,10,11,12 6566    8398 2 (0.59 0.36 0.048 0.0061 0.00015) *
                   305) Industry=3,4,5,8,9 6298   17302 3 (0.57 0.37 0.047 0.0091 0.0027)  
                     610) Region=E12000003,E12000006,E12000007 2902    4566 2 (0.59 0.36 0.043 0.01 0.00034) *
                     611) Region=E12000001,E12000002,E12000004,E12000005,E12000008,E12000009,W92000004 3396   10874 3 (0.55 0.39 0.05 0.0082 0.0047)  
                      1222) Occupation=2,3,4,6,7 1872    4581 2 (0.58 0.37 0.047 0.0091 0.0016)  
                        2444) Region=E12000001,E12000005,E12000008,E12000009 1119    1408 2 (0.58 0.37 0.049 0.008 0) *
                        2445) Region=E12000002,E12000004,W92000004 753    2330 3 (0.57 0.37 0.044 0.011 0.004) *
                      1223) Occupation=1,5,8,9 1524    6218 3 (0.52 0.41 0.054 0.0072 0.0085) *
                 153) Age=4 11428   31918 3 (0.46 0.43 0.093 0.014 0.0028)  
                   306) Occupation=1,2,3,5 5935   14714 3 (0.5 0.41 0.076 0.012 0.0015)  
                     612) Industry=1,2,3,4,5,6,8,9,10,11 5332   11216 2 (0.5 0.41 0.077 0.013 0.00075)  
                      1224) Industry=1,2,3,5,6,9,10 3096    4809 2 (0.49 0.42 0.074 0.013 0) *
                      1225) Industry=4,8,11 2236    5658 3 (0.51 0.39 0.081 0.012 0.0018)  
                        2450) Occupation=1,3 1100    2094 2 (0.5 0.4 0.089 0.018 0) *
                        2451) Occupation=2,5 1136    3214 3 (0.53 0.39 0.072 0.0062 0.0035)  
                          4902) Region=E12000003,E12000004,E12000005,E12000006,E12000009,W92000004 508     627 2 (0.54 0.37 0.085 0.0039 0) *
                          4903) Region=E12000001,E12000002,E12000007,E12000008 628    2240 3 (0.53 0.39 0.062 0.008 0.0064) *
                     613) Industry=7,12 603    2442 3 (0.49 0.42 0.071 0.01 0.0083) *
                   307) Occupation=4,6,7,8,9 5493   17204 3 (0.41 0.46 0.11 0.016 0.0042) *
                77) HoursWorked=-9 6042   19310 3 (0.39 0.43 0.14 0.024 0.004) *
              39) Religion=3,5,7,8,9 3561   14874 3 (0.48 0.4 0.097 0.02 0.0081) *
         5) Age=5,6,7,8 97796  317312 3 (0.36 0.46 0.15 0.025 0.0042)  
          10) Occupation=1,2,3,4,6 58912  170122 3 (0.41 0.45 0.12 0.018 0.003)  
            20) Religion=1,2,3,7 52237  142734 3 (0.42 0.45 0.11 0.017 0.0024)  
              40) FamilyComposition=2,3,4,5 43885  114252 3 (0.43 0.45 0.11 0.015 0.002)  
                80) Age=5 26214   64894 3 (0.48 0.43 0.085 0.012 0.0016)  
                 160) HoursWorked=2,3,4 22983   54902 3 (0.48 0.43 0.079 0.01 0.0013)  
                   320) EthnicGroup=1,2,3,4 22921   54038 2 (0.48 0.43 0.079 0.01 0.0013)  
                     640) HoursWorked=4 3952    6137 2 (0.53 0.39 0.065 0.0094 0.00025) *
                     641) HoursWorked=2,3 18969   45868 3 (0.47 0.43 0.081 0.01 0.0015)  
                      1282) Region=E12000003,E12000004,E12000005,E12000009,W92000004 8084   16432 2 (0.47 0.44 0.085 0.011 0.00074)  
                        2564) SocialGrade=1,2,4 7183   12657 2 (0.48 0.43 0.08 0.01 0.00042)  
                          5128) Industry=1,2,3,5,6,7,9,10,11,12 5615    8120 2 (0.48 0.43 0.079 0.01 0) *
                          5129) Industry=4,8 1568    3950 3 (0.47 0.43 0.087 0.011 0.0019)  
                           10258) Region=E12000003,E12000004,E12000005 1017    1545 2 (0.47 0.43 0.088 0.011 0) *
                           10259) Region=E12000009,W92000004 551    1854 3 (0.48 0.42 0.085 0.011 0.0054) *
                        2565) SocialGrade=3 901    2590 3 (0.39 0.47 0.12 0.014 0.0033) *
                      1283) Region=E12000001,E12000002,E12000006,E12000007,E12000008 10885   27704 3 (0.48 0.43 0.079 0.01 0.002)  
                        2566) MaritalStatus=3,4,5 1871    3812 2 (0.43 0.45 0.11 0.012 0.00053)  
                          5132) Industry=1,3,4,5,6,7,8,9,10,11,12 1756    2927 2 (0.43 0.44 0.11 0.012 0) *
                          5133) Industry=2 115     466 3 (0.39 0.49 0.1 0.0087 0.0087) *
                        2567) MaritalStatus=1,2 9014   23650 3 (0.49 0.43 0.073 0.0098 0.0023)  
                          5134) Religion=2,3,7 6903   17312 3 (0.49 0.43 0.071 0.0091 0.0019)  
                           10268) Region=E12000002,E12000006,E12000007,E12000008 6247   15202 3 (0.5 0.43 0.069 0.0086 0.0016)  
                             20536) Industry=1,2,3,5,11 2127    2728 2 (0.48 0.44 0.073 0.0075 0) *
                             20537) Industry=4,6,7,8,9,10,12 4120   10906 3 (0.5 0.42 0.067 0.0092 0.0024)  
                               41074) EconomicActivity=2,4 470     645 2 (0.53 0.4 0.055 0.011 0) *
                               41075) EconomicActivity=1 3650    9908 3 (0.5 0.42 0.068 0.009 0.0027)  
                                 82150) Occupation=2,3,6 2050    5052 3 (0.51 0.42 0.064 0.0059 0.002)  
                                  164300) Industry=4,7,10 1118    1303 2 (0.52 0.41 0.064 0.0054 0) *
                                  164301) Industry=6,8,9,12 932    2828 3 (0.5 0.43 0.064 0.0064 0.0043) *
                                 82151) Occupation=1,4 1600    4856 3 (0.48 0.43 0.073 0.013 0.0037) *
                           10269) Region=E12000001 656    2110 3 (0.42 0.48 0.087 0.014 0.0046) *
                          5135) Religion=1 2111    6338 3 (0.48 0.43 0.08 0.012 0.0038)  
                           10270) Industry=2,3,5,6,8,12 891    1389 2 (0.49 0.42 0.08 0.012 0) *
                           10271) Industry=4,7,9,10,11 1220    4456 3 (0.47 0.43 0.08 0.011 0.0066) *
                   321) EthnicGroup=5 62     548 4 (0.47 0.42 0.081 0 0.032)  
                     642) Industry=2,3,5,6,7,8,10,11,12 50      54 2 (0.48 0.42 0.1 0 0) *
                     643) Industry=4,9 12     180 5 (0.42 0.42 0 0 0.17) *
                 161) HoursWorked=-9,1 3231    9992 3 (0.42 0.42 0.13 0.028 0.0031) *
                81) Age=6,7,8 17671   49358 3 (0.36 0.48 0.14 0.019 0.0027) *
              41) FamilyComposition=-9,1,6 8352   28482 3 (0.37 0.45 0.14 0.028 0.0045) *
            21) Religion=4,5,6,8,9 6675   27388 3 (0.36 0.44 0.16 0.028 0.0076)  
              42) Industry=1,2,3,4,6,7,8,9,10 4739   15634 3 (0.36 0.45 0.16 0.026 0.0044) *
              43) Industry=5,11,12 1936   11754 3 (0.36 0.43 0.16 0.032 0.015)  
                86) MaritalStatus=2,3 1275    5796 3 (0.38 0.44 0.14 0.027 0.0094) *
                87) MaritalStatus=1,4,5 661    5320 4 (0.33 0.4 0.2 0.042 0.027) *
          11) Occupation=-9,5,7,8,9 38884  147190 3 (0.28 0.48 0.19 0.035 0.0059)  
            22) FamilyComposition=2,3,4,6 29720   99842 3 (0.3 0.49 0.18 0.028 0.0046)  
              44) Age=5,6 27169   86732 3 (0.31 0.49 0.18 0.027 0.004) *
              45) Age=7,8 2551   13110 3 (0.2 0.5 0.25 0.042 0.011)  
                90) Religion=1,2,3,4,5,8 2296    9966 3 (0.2 0.5 0.25 0.039 0.0083) *
                91) Religion=6,7,9 255    2336 4 (0.17 0.44 0.28 0.071 0.039)  
                 182) Region=E12000001,E12000002,E12000003,E12000004,E12000006 111     328 3 (0.17 0.44 0.32 0.072 0) *
                 183) Region=E12000005,E12000007,E12000008,E12000009,W92000004 144    1816 4 (0.17 0.44 0.25 0.069 0.069)  
                   366) Industry=-9,1,6,7,8,9,10,12 62     180 3 (0.21 0.47 0.26 0.065 0) *
                   367) Industry=2,3,4,5,11 82    1068 5 (0.13 0.43 0.24 0.073 0.12) *
            23) FamilyComposition=-9,1,5 9164   47348 3 (0.24 0.46 0.24 0.054 0.01)  
              46) EconomicActivity=1,2,3,4,7 9059   44312 3 (0.24 0.46 0.24 0.053 0.0093)  
                92) Religion=3,5,6,7,8 402    1498 3 (0.21 0.43 0.26 0.1 0) *
                93) Religion=1,2,4,9 8657   42814 3 (0.25 0.46 0.24 0.05 0.0097)  
                 186) Religion=1,2 7742   35506 3 (0.25 0.46 0.23 0.049 0.0083) *
                 187) Religion=4,9 915    6678 4 (0.23 0.42 0.27 0.06 0.022)  
                   374) Industry=1,3,4,5,7,8,9,12 564    2826 3 (0.25 0.41 0.27 0.066 0.0089) *
                   375) Industry=-9,2,6,10,11 351    3404 4 (0.21 0.43 0.26 0.051 0.043) *
              47) EconomicActivity=6 105    1582 4 (0.25 0.27 0.18 0.21 0.095)  
                94) Region=E12000001,E12000004,E12000006,E12000009,W92000004 34     134 4 (0.24 0.41 0.15 0.21 0) *
                95) Region=E12000002,E12000003,E12000005,E12000007,E12000008 71    1128 5 (0.25 0.2 0.2 0.21 0.14)  
                 190) Occupation=-9,9 44     298 4 (0.34 0.23 0.18 0.23 0.023) *
                 191) Occupation=5,7,8 27     312 5 (0.11 0.15 0.22 0.19 0.33) *
       3) EconomicActivity=5,8,9 100563  999854 4 (0.13 0.33 0.33 0.16 0.049)  
         6) EconomicActivity=5,9 86089  724490 4 (0.15 0.37 0.34 0.12 0.034)  
          12) SocialGrade=1,2 36969  260528 4 (0.19 0.42 0.29 0.083 0.021)  
            24) Age=2,3,4,6,7 22617  145564 4 (0.24 0.45 0.23 0.065 0.015)  
              48) Age=2,3 900    2564 3 (0.56 0.33 0.084 0.022 0.0022)  
                96) MaritalStatus=1,2,3,5 875    1700 2 (0.57 0.33 0.082 0.018 0) *
                97) MaritalStatus=4 25     340 4 (0.32 0.28 0.16 0.16 0.08) *
              49) Age=4,6,7 21717  140644 4 (0.23 0.45 0.24 0.067 0.016)  
                98) Occupation=2,4,6,7 13137   73400 3 (0.23 0.47 0.23 0.058 0.012)  
                 196) MaritalStatus=1,2,5 11483   59174 3 (0.24 0.47 0.22 0.054 0.01)  
                   392) Industry=1,2,4,5,6,8,9,10,11 10042   49568 3 (0.25 0.47 0.22 0.054 0.0092)  
                     784) Region=E12000002,E12000003,E12000004,E12000006,E12000008,W92000004 6612   29672 3 (0.25 0.47 0.22 0.054 0.0073) *
                     785) Region=E12000001,E12000005,E12000007,E12000009 3430   19896 3 (0.23 0.47 0.23 0.055 0.013)  
                      1570) Occupation=2,6,7 2120   10102 3 (0.25 0.48 0.21 0.048 0.009) *
                      1571) Occupation=4 1310    8990 4 (0.2 0.46 0.25 0.066 0.019) *
                   393) Industry=3,7,12 1441    9506 4 (0.22 0.5 0.21 0.051 0.017)  
                     786) Occupation=6 123     314 3 (0.21 0.48 0.26 0.049 0) *
                     787) Occupation=2,4,7 1318    8922 4 (0.22 0.5 0.21 0.052 0.018)  
                      1574) Region=E12000001,E12000002,E12000003,E12000005,E12000009 576    2948 3 (0.25 0.48 0.22 0.049 0.01) *
                      1575) Region=E12000004,E12000006,E12000007,E12000008,W92000004 742    5502 4 (0.2 0.51 0.2 0.054 0.024) *
                 197) MaritalStatus=3,4 1654   11932 4 (0.18 0.41 0.3 0.085 0.022) *
                99) Occupation=-9,1,3,5,8,9 8580   61200 4 (0.22 0.43 0.25 0.081 0.022)  
                 198) Region=E12000003,E12000006,E12000008 3178   19954 4 (0.23 0.44 0.24 0.07 0.014)  
                   396) Religion=3,4,5,7,8 82     318 4 (0.11 0.33 0.32 0.24 0) *
                   397) Religion=1,2,6,9 3096   19610 3 (0.24 0.44 0.24 0.065 0.014)  
                     794) Occupation=9 264    1058 3 (0.17 0.47 0.28 0.076 0.0038) *
                     795) Occupation=-9,1,3,5,8 2832   18306 4 (0.24 0.44 0.24 0.064 0.015)  
                      1590) Industry=1,3,7,8,9,11 1154    5808 3 (0.25 0.45 0.23 0.055 0.0095) *
                      1591) Industry=-9,2,4,5,6,10,12 1678   11560 4 (0.23 0.43 0.25 0.07 0.019) *
                 199) Region=E12000001,E12000002,E12000004,E12000005,E12000007,E12000009,W92000004 5402   41246 4 (0.21 0.43 0.25 0.088 0.026) *
            25) Age=5,8 14352  114964 4 (0.11 0.37 0.38 0.11 0.03) *
          13) SocialGrade=-9,3,4 49120  463962 4 (0.11 0.33 0.38 0.14 0.043)  
            26) Age=2,3,4 3278   19276 3 (0.37 0.39 0.17 0.053 0.013)  
              52) Occupation=1,3,4,6,7 750    2086 3 (0.44 0.36 0.16 0.036 0.0013) *
              53) Occupation=-9,2,5,8,9 2528   16936 4 (0.35 0.4 0.17 0.059 0.016)  
               106) FamilyComposition=3 359     988 3 (0.33 0.41 0.21 0.053 0) *
               107) FamilyComposition=-9,1,2,4,5,6 2169   15188 4 (0.36 0.4 0.17 0.059 0.019)  
                 214) EthnicGroup=4 194     632 3 (0.43 0.39 0.11 0.067 0) *
                 215) EthnicGroup=1,2,3,5 1975   14254 4 (0.35 0.4 0.17 0.059 0.021)  
                   430) Industry=1,2,3,5,9 489    2442 3 (0.35 0.38 0.2 0.065 0.0082) *
                   431) Industry=-9,4,6,7,8,10,11,12 1486   11430 4 (0.35 0.4 0.17 0.057 0.025)  
                     862) Region=E12000002,W92000004 294    1238 3 (0.37 0.39 0.19 0.044 0.0068) *
                     863) Region=E12000001,E12000003,E12000004,E12000005,E12000006,E12000007,E12000008,E12000009 1192    9746 4 (0.34 0.41 0.16 0.06 0.029)  
                      1726) MaritalStatus=2 375    1958 3 (0.32 0.47 0.16 0.045 0.011)  
                        3452) Religion=2,3,6,7,8,9 298     768 3 (0.33 0.48 0.15 0.04 0) *
                        3453) Religion=1,4 77     820 4 (0.27 0.44 0.17 0.065 0.052) *
                      1727) MaritalStatus=1,3,4,5 817    7494 4 (0.35 0.38 0.16 0.066 0.038) *
            27) Age=5,6,7,8 45842  443118 4 (0.096 0.32 0.39 0.15 0.046)  
              54) FamilyComposition=1,2,3,4,5,6 43226  402676 4 (0.099 0.33 0.38 0.14 0.042)  
               108) Industry=1,3,4,5,7,8,10,11,12 25189  216452 4 (0.11 0.34 0.38 0.13 0.036) *
               109) Industry=-9,2,6,9 18037  186224 4 (0.09 0.31 0.39 0.15 0.052)  
                 218) Occupation=2,5,6,7 4425   38448 4 (0.1 0.35 0.39 0.13 0.036) *
                 219) Occupation=-9,1,3,4,8,9 13612  147776 4 (0.087 0.3 0.39 0.16 0.056)  
                   438) Age=6 1952   17516 4 (0.14 0.35 0.32 0.15 0.04) *
                   439) Age=5,7,8 11660  130260 4 (0.077 0.29 0.41 0.17 0.059)  
                     878) Religion=2,6,7,9 10562  114178 4 (0.077 0.29 0.41 0.16 0.056)  
                      1756) Industry=2,9 6072   61342 4 (0.077 0.3 0.41 0.16 0.05)  
                        3512) FamilyComposition=1,2,4,6 5663   55434 4 (0.079 0.31 0.41 0.16 0.047) *
                        3513) FamilyComposition=3,5 409    5652 5 (0.049 0.22 0.45 0.19 0.088)  
                          7026) EthnicGroup=2,4,5 17      60 4 (0 0.18 0.47 0.35 0) *
                          7027) EthnicGroup=1,3 392    5376 5 (0.051 0.22 0.45 0.18 0.092)  
                           14054) Region=E12000001,E12000002,E12000004,E12000007,E12000008,W92000004 228    2628 4 (0.039 0.25 0.4 0.25 0.066) *
                           14055) Region=E12000003,E12000005,E12000006,E12000009 164    2040 5 (0.067 0.19 0.52 0.098 0.13) *
                      1757) Industry=-9,6 4490   52836 4 (0.077 0.29 0.41 0.17 0.064)  
                        3514) Region=E12000002,E12000003,E12000004,E12000006,E12000009 2273   24048 4 (0.074 0.31 0.4 0.16 0.054)  
                          7028) FamilyComposition=1,2,3,5 2211   22834 4 (0.073 0.32 0.4 0.16 0.052) *
                          7029) FamilyComposition=4,6 62     816 5 (0.097 0.18 0.47 0.13 0.13) *
                        3515) Region=E12000001,E12000005,E12000007,E12000008,W92000004 2217   28788 4 (0.081 0.26 0.41 0.17 0.075)  
                          7030) MaritalStatus=1 138     920 4 (0.13 0.32 0.33 0.2 0.022) *
                          7031) MaritalStatus=2,3,4,5 2079   27868 4 (0.077 0.26 0.42 0.17 0.078)  
                           14062) EthnicGroup=2,3,5 286    3396 4 (0.042 0.23 0.38 0.27 0.07)  
                             28124) Age=5,8 176    1328 4 (0.057 0.25 0.35 0.31 0.034) *
                             28125) Age=7 110    1464 5 (0.018 0.2 0.44 0.22 0.13) *
                           14063) EthnicGroup=1,4 1793   24472 4 (0.083 0.26 0.42 0.15 0.08)  
                             28126) CountryOfBirth=1 1514   19288 4 (0.081 0.26 0.43 0.16 0.072)  
                               56252) Occupation=3 10      34 3 (0 0.5 0.4 0.1 0) *
                               56253) Occupation=-9,1,4,8,9 1504   19244 4 (0.082 0.26 0.43 0.16 0.072)  
                                112506) FamilyComposition=1,2,3,6 1381   16882 4 (0.08 0.27 0.43 0.15 0.067) *
                                112507) FamilyComposition=4,5 123    1752 5 (0.098 0.15 0.4 0.22 0.13)  
                                  225014) Age=7 31     126 4 (0.13 0.29 0.35 0.23 0) *
                                  225015) Age=5,8 92    1248 5 (0.087 0.11 0.41 0.22 0.17) *
                             28127) CountryOfBirth=2 279    3720 5 (0.093 0.24 0.41 0.14 0.12) *
                     879) Religion=1,3,4,5,8 1098   15696 5 (0.082 0.27 0.36 0.2 0.091)  
                      1758) Age=7 544    5368 4 (0.11 0.3 0.35 0.2 0.05) *
                      1759) Age=5,8 554    7500 5 (0.058 0.23 0.37 0.2 0.13) *
              55) FamilyComposition=-9 2616   36912 5 (0.037 0.16 0.47 0.24 0.098)  
               110) EthnicGroup=2,5 23      80 4 (0.13 0.35 0.22 0.3 0) *
               111) EthnicGroup=1,3,4 2593   36516 5 (0.036 0.16 0.47 0.24 0.099)  
                 222) Region=E12000007,E12000008,W92000004 847    9930 4 (0.054 0.17 0.49 0.22 0.065) *
                 223) Region=E12000001,E12000002,E12000003,E12000004,E12000005,E12000006,E12000009 1746   24204 5 (0.027 0.15 0.46 0.24 0.12)  
                   446) Religion=3,5,6,7,8 22      94 3 (0.18 0.32 0.36 0.14 0) *
                   447) Religion=1,2,4,9 1724   23856 5 (0.026 0.15 0.47 0.24 0.12)  
                     894) Industry=7,8,9 177    2114 4 (0.023 0.2 0.48 0.23 0.068) *
                     895) Industry=-9,1,2,3,4,5,6,10,11,12 1547   21336 5 (0.026 0.14 0.46 0.25 0.12) *
         7) EconomicActivity=8 14474  223068 5 (0.038 0.13 0.32 0.38 0.14)  
          14) Age=2,3,4,5,6 13415  208428 5 (0.039 0.13 0.32 0.39 0.13)  
            28) Occupation=3,4,6,7,8,9 7655  121572 5 (0.031 0.1 0.32 0.42 0.13)  
              56) MaritalStatus=1,3,5 3218   49430 4 (0.038 0.12 0.35 0.39 0.1)  
               112) Religion=5,7 20      56 4 (0 0.1 0.4 0.5 0) *
               113) Religion=1,2,3,4,6,8,9 3198   49374 4 (0.038 0.12 0.35 0.39 0.11)  
                 226) Region=E12000001,E12000003,E12000004,E12000005,E12000006,E12000008,E12000009,W92000004 2178   30838 4 (0.037 0.13 0.34 0.39 0.095)  
                   452) Industry=1,6,10 311    2814 4 (0.048 0.13 0.35 0.43 0.051) *
                   453) Industry=2,3,4,5,7,8,9,11,12 1867   28024 4 (0.035 0.13 0.34 0.39 0.1)  
                     906) Industry=2,4 820   11020 4 (0.029 0.12 0.35 0.41 0.089) *
                     907) Industry=3,5,7,8,9,11,12 1047   16308 5 (0.04 0.14 0.34 0.37 0.11)  
                      1814) FamilyComposition=4 31      96 4 (0.097 0.19 0.29 0.42 0) *
                      1815) FamilyComposition=-9,1,2,3,5,6 1016   15744 5 (0.038 0.14 0.34 0.37 0.12)  
                        3630) Region=E12000001,E12000004,W92000004 323    4444 4 (0.028 0.14 0.31 0.42 0.093) *
                        3631) Region=E12000003,E12000005,E12000006,E12000008,E12000009 693   10476 5 (0.043 0.14 0.35 0.34 0.13)  
                          7262) Religion=3,4,6 10      28 4 (0 0.1 0.4 0.5 0) *
                          7263) Religion=1,2,8,9 683   10296 5 (0.044 0.14 0.35 0.34 0.13)  
                           14526) Age=3 132    1324 4 (0.083 0.17 0.42 0.28 0.053) *
                           14527) Age=2,4,5,6 551    8220 5 (0.034 0.13 0.34 0.35 0.15) *
                 227) Region=E12000002,E12000007 1020   15792 5 (0.04 0.099 0.35 0.38 0.13)  
                   454) Religion=8 10      30 4 (0 0 0.5 0.5 0) *
                   455) Religion=1,2,3,4,6,9 1010   15612 5 (0.041 0.1 0.35 0.38 0.13)  
                     910) MaritalStatus=5 74     874 4 (0.027 0.054 0.28 0.55 0.081) *
                     911) MaritalStatus=1,3 936   14280 5 (0.042 0.1 0.36 0.36 0.13)  
                      1822) SocialGrade=-9,2,3 324    4768 4 (0.04 0.096 0.37 0.39 0.099)  
                        3644) Industry=12 21      66 4 (0.048 0.14 0.38 0.43 0) *
                        3645) Industry=2,3,4,5,6,7,8,9,10,11 303    4702 4 (0.04 0.092 0.37 0.39 0.11)  
                          7290) Age=2,4,6 162    1776 4 (0.031 0.11 0.36 0.43 0.068) *
                          7291) Age=3,5 141    2112 5 (0.05 0.071 0.38 0.35 0.15)  
                           14582) FamilyComposition=2,3,4 34     138 4 (0.12 0.088 0.5 0.29 0) *
                           14583) FamilyComposition=-9,1,5,6 107    1536 5 (0.028 0.065 0.35 0.36 0.2) *
                      1823) SocialGrade=1,4 612    9096 5 (0.042 0.11 0.35 0.35 0.15) *
              57) MaritalStatus=2,4 4437   70488 5 (0.025 0.085 0.3 0.45 0.15)  
               114) Industry=2,3,9,10,12 1768   28968 5 (0.032 0.087 0.3 0.46 0.13)  
                 228) Region=E12000001,E12000004,E12000005,E12000009,W92000004 820   12350 4 (0.032 0.079 0.3 0.48 0.11)  
                   456) Religion=6,8 24      48 4 (0 0.12 0.25 0.63 0) *
                   457) Religion=1,2,4,7,9 796   12302 4 (0.033 0.078 0.31 0.47 0.11)  
                     914) SocialGrade=-9,3 162    1568 4 (0.012 0.068 0.32 0.54 0.062) *
                     915) SocialGrade=1,2,4 634   10464 5 (0.038 0.08 0.3 0.46 0.12)  
                      1830) Industry=3,10,12 204    2208 4 (0.044 0.1 0.32 0.47 0.069) *
                      1831) Industry=2,9 430    6936 5 (0.035 0.07 0.29 0.46 0.15) *
                 229) Region=E12000002,E12000003,E12000006,E12000007,E12000008 948   15144 5 (0.032 0.093 0.29 0.44 0.14) *
               115) Industry=1,4,5,6,7,8,11 2669   41520 5 (0.021 0.084 0.29 0.44 0.16) *
            29) Occupation=-9,1,2,5 5760   86856 5 (0.051 0.16 0.31 0.34 0.13)  
              58) Age=3,4 2130   30812 4 (0.073 0.2 0.34 0.3 0.093)  
               116) Industry=7 14      50 4 (0.14 0.14 0.36 0.36 0) *
               117) Industry=-9,1,2,3,4,5,6,8,9,10,11,12 2116   30762 4 (0.073 0.2 0.34 0.3 0.094)  
                 234) Region=E12000001,E12000003,E12000005 551    6612 4 (0.06 0.17 0.37 0.32 0.073) *
                 235) Region=E12000002,E12000004,E12000006,E12000007,E12000008,E12000009,W92000004 1565   23748 5 (0.077 0.21 0.32 0.29 0.1)  
                   470) Industry=-9,2,3,4,5,8 1428   20534 4 (0.078 0.21 0.33 0.29 0.092)  
                     940) EthnicGroup=4,5 109    1052 4 (0.13 0.21 0.24 0.37 0.055) *
                     941) EthnicGroup=1,2,3 1319   19482 4 (0.074 0.21 0.34 0.28 0.096)  
                      1882) FamilyComposition=-9 147     554 3 (0.12 0.46 0.37 0.041 0.0068) *
                      1883) FamilyComposition=1,2,3,4,5,6 1172   17916 5 (0.068 0.18 0.33 0.31 0.11)  
                        3766) Religion=1,2,3,4,6 1063   16170 4 (0.071 0.18 0.33 0.32 0.1)  
                          7532) MaritalStatus=1,2,4,5 1033   15350 4 (0.071 0.18 0.33 0.32 0.098) *
                          7533) MaritalStatus=3 30     384 5 (0.067 0.13 0.4 0.2 0.2) *
                        3767) Religion=5,7,8,9 109    1500 5 (0.046 0.2 0.32 0.27 0.17) *
                   471) Industry=1,6,9,10,11,12 137    1920 5 (0.073 0.16 0.28 0.29 0.2) *
              59) Age=2,5,6 3630   54204 5 (0.038 0.14 0.3 0.36 0.16)  
               118) Industry=2,3,5,7,8,9,10,11 1415   22512 5 (0.024 0.088 0.28 0.46 0.15)  
                 236) FamilyComposition=1,6 547    9132 5 (0.029 0.071 0.29 0.48 0.12)  
                   472) EthnicGroup=2,5 9      24 4 (0 0 0.44 0.56 0) *
                   473) EthnicGroup=1,3,4 538    8964 5 (0.03 0.072 0.29 0.48 0.12)  
                     946) Region=E12000001,E12000002,E12000003,E12000004,E12000005,E12000008,E12000009,W92000004 420    6148 4 (0.024 0.081 0.31 0.48 0.1)  
                      1892) SocialGrade=1,4 139    1206 4 (0.022 0.11 0.35 0.47 0.05) *
                      1893) SocialGrade=2,3 281    4644 5 (0.025 0.068 0.3 0.48 0.13) *
                     947) Region=E12000006,E12000007 118    1908 5 (0.051 0.042 0.2 0.5 0.2) *
                 237) FamilyComposition=-9,2,3,4,5 868   13380 5 (0.021 0.098 0.27 0.44 0.17)  
                   474) EthnicGroup=4,5 24      92 4 (0.083 0.33 0.33 0.25 0) *
                   475) EthnicGroup=1,2,3 844   12996 5 (0.019 0.091 0.27 0.44 0.18)  
                     950) MaritalStatus=1 105    1146 4 (0.038 0.14 0.35 0.4 0.067) *
                     951) MaritalStatus=2,3,4,5 739   11268 5 (0.016 0.084 0.26 0.45 0.19) *
               119) Industry=-9,1,4,6,12 2215   31692 5 (0.047 0.17 0.31 0.31 0.16)  
                 238) EthnicGroup=2,4,5 178    2844 5 (0.1 0.13 0.29 0.35 0.12)  
                   476) Region=E12000003,E12000004,E12000008,E12000009 22      62 4 (0.18 0.091 0.23 0.5 0) *
                   477) Region=E12000002,E12000005,E12000006,E12000007,W92000004 156    2400 5 (0.09 0.13 0.3 0.33 0.14) *
                 239) EthnicGroup=1,3 2037   28848 5 (0.042 0.18 0.32 0.3 0.16)  
                   478) FamilyComposition=-9 245    2656 4 (0.061 0.38 0.35 0.15 0.057) *
                   479) FamilyComposition=1,2,3,4,5,6 1792   25452 5 (0.04 0.15 0.31 0.32 0.18) *
          15) Age=7,8 1059   14640 5 (0.025 0.12 0.33 0.33 0.2) *
